[debug] [2022-10-13T23:56:25.091Z] ----------------------------------------------------------------------
[debug] [2022-10-13T23:56:25.093Z] Command:       C:\Program Files\nodejs\node.exe C:\Users\dell 3567\AppData\Roaming\npm\node_modules\firebase-tools\lib\bin\firebase.js init emulators
[debug] [2022-10-13T23:56:25.094Z] CLI Version:   11.14.3
[debug] [2022-10-13T23:56:25.094Z] Platform:      win32
[debug] [2022-10-13T23:56:25.094Z] Node Version:  v16.16.0
[debug] [2022-10-13T23:56:25.095Z] Time:          Fri Oct 14 2022 06:56:25 GMT+0700 (Indochina Time)
[debug] [2022-10-13T23:56:25.095Z] ----------------------------------------------------------------------
[debug] 
[debug] [2022-10-13T23:56:25.179Z] > command requires scopes: ["email","openid","https://www.googleapis.com/auth/cloudplatformprojects.readonly","https://www.googleapis.com/auth/firebase","https://www.googleapis.com/auth/cloud-platform"]
[debug] [2022-10-13T23:56:25.180Z] > authorizing via signed-in user (lethebao2507@gmail.com)
[info] 
     ######## #### ########  ######## ########     ###     ######  ########
     ##        ##  ##     ## ##       ##     ##  ##   ##  ##       ##
     ######    ##  ########  ######   ########  #########  ######  ######
     ##        ##  ##    ##  ##       ##     ## ##     ##       ## ##
     ##       #### ##     ## ######## ########  ##     ##  ######  ########

You're about to initialize a Firebase project in this directory:

  D:\workspace\ReactJS_App\netflix-clone

Before we get started, keep in mind:

  * You are initializing within an existing Firebase project directory

[info] 
=== Project Setup
[info] 
[info] First, let's associate this project directory with a Firebase project.
[info] You can create multiple project aliases by running firebase use --add, 
[info] but for now we'll just set up a default project.
[info] 
[debug] [2022-10-13T23:56:31.687Z] Using project from CLI flag: netflix-clone-react-6ad87
[debug] [2022-10-13T23:56:31.690Z] >>> [apiv2][query] GET https://firebase.googleapis.com/v1beta1/projects/netflix-clone-react-6ad87 [none]
[debug] [2022-10-13T23:56:32.153Z] <<< [apiv2][status] GET https://firebase.googleapis.com/v1beta1/projects/netflix-clone-react-6ad87 200
[debug] [2022-10-13T23:56:32.154Z] <<< [apiv2][body] GET https://firebase.googleapis.com/v1beta1/projects/netflix-clone-react-6ad87 {"projectId":"netflix-clone-react-6ad87","projectNumber":"188740304620","displayName":"netflix-clone-react","name":"projects/netflix-clone-react-6ad87","resources":{"hostingSite":"netflix-clone-react-6ad87","storageBucket":"netflix-clone-react-6ad87.appspot.com","locationId":"us-central"},"state":"ACTIVE","etag":"1_892bc954-1c33-41d0-9191-2996665c71e6"}
[info] i  Using project netflix-clone-react-6ad87 (netflix-clone-react) 
[info] 
=== Emulators Setup
